<?xml version="1.0" encoding="UTF-8"?>
<testsuite xmlns:xsi="http://www.w3.org/2001/XMLSchema-instance" xsi:noNamespaceSchemaLocation="https://maven.apache.org/surefire/maven-surefire-plugin/xsd/surefire-test-report.xsd" version="3.0.1" name="programmer.zaman.now.test.ConditionTest" time="0.037" tests="11" errors="0" skipped="6" failures="0">
  <properties>
[...]
</properties>
  <testcase name="testRunOnlyOnWindows" classname="programmer.zaman.now.test.ConditionTest" time="0.002"/>
  <testcase name="testEnabledOnJava11To15" classname="programmer.zaman.now.test.ConditionTest" time="0.0">
    <skipped message="Disabled on JRE version: 22.0.1"/>
  </testcase>
  <testcase name="testDisabledOnJavaVendorOracle" classname="programmer.zaman.now.test.ConditionTest" time="0.0">
    <skipped message="System property [java.vendor] with value [Oracle Corporation] matches regular expression [Oracle Corporation]"/>
  </testcase>
  <testcase name="testSystemProperties" classname="programmer.zaman.now.test.ConditionTest" time="0.0">
    <skipped message="void programmer.zaman.now.test.ConditionTest.testSystemProperties() is @Disabled"/>
  </testcase>
  <testcase name="testEnabledOnProfileDev" classname="programmer.zaman.now.test.ConditionTest" time="0.0">
    <skipped message="Environment variable [PROFILE] does not exist"/>
  </testcase>
  <testcase name="testDisabledOnJava8" classname="programmer.zaman.now.test.ConditionTest" time="0.001"/>
  <testcase name="testDisabledOnWindows" classname="programmer.zaman.now.test.ConditionTest" time="0.0">
    <skipped message="Disabled on operating system: Windows 11"/>
  </testcase>
  <testcase name="testEnabledOnJavaVendorOracle" classname="programmer.zaman.now.test.ConditionTest" time="0.002"/>
  <testcase name="testDisabledOnJava11To15" classname="programmer.zaman.now.test.ConditionTest" time="0.001"/>
  <testcase name="testEnabledOnJava8" classname="programmer.zaman.now.test.ConditionTest" time="0.0">
    <skipped message="Disabled on JRE version: 22.0.1"/>
  </testcase>
  <testcase name="testDisabledOnProfileDev" classname="programmer.zaman.now.test.ConditionTest" time="0.001"/>
</testsuite>