<?xml version="1.0" encoding="UTF-8"?>
<testsuite xmlns:xsi="http://www.w3.org/2001/XMLSchema-instance" xsi:noNamespaceSchemaLocation="https://maven.apache.org/surefire/maven-surefire-plugin/xsd/surefire-test-report.xsd" version="3.0.1" name="programmer.zaman.now.test.RandomCalculatorTest" time="0.248" tests="39" errors="0" skipped="0" failures="0">
  <properties>
[...]
</properties>
  <testcase name="testRandomRepeatInfo(Random, RepetitionInfo, TestInfo)[1]" classname="programmer.zaman.now.test.RandomCalculatorTest" time="0.015">
    <system-out><![CDATA[Befor Each
Tes Random Calculator ke 1 dari 10
]]></system-out>
  </testcase>
  <testcase name="testRandomRepeatInfo(Random, RepetitionInfo, TestInfo)[2]" classname="programmer.zaman.now.test.RandomCalculatorTest" time="0.001">
    <system-out><![CDATA[Befor Each
Tes Random Calculator ke 2 dari 10
]]></system-out>
  </testcase>
  <testcase name="testRandomRepeatInfo(Random, RepetitionInfo, TestInfo)[3]" classname="programmer.zaman.now.test.RandomCalculatorTest" time="0.002">
    <system-out><![CDATA[Befor Each
Tes Random Calculator ke 3 dari 10
]]></system-out>
  </testcase>
  <testcase name="testRandomRepeatInfo(Random, RepetitionInfo, TestInfo)[4]" classname="programmer.zaman.now.test.RandomCalculatorTest" time="0.003">
    <system-out><![CDATA[Befor Each
Tes Random Calculator ke 4 dari 10
]]></system-out>
  </testcase>
  <testcase name="testRandomRepeatInfo(Random, RepetitionInfo, TestInfo)[5]" classname="programmer.zaman.now.test.RandomCalculatorTest" time="0.002">
    <system-out><![CDATA[Befor Each
Tes Random Calculator ke 5 dari 10
]]></system-out>
  </testcase>
  <testcase name="testRandomRepeatInfo(Random, RepetitionInfo, TestInfo)[6]" classname="programmer.zaman.now.test.RandomCalculatorTest" time="0.002">
    <system-out><![CDATA[Befor Each
Tes Random Calculator ke 6 dari 10
]]></system-out>
  </testcase>
  <testcase name="testRandomRepeatInfo(Random, RepetitionInfo, TestInfo)[7]" classname="programmer.zaman.now.test.RandomCalculatorTest" time="0.002">
    <system-out><![CDATA[Befor Each
Tes Random Calculator ke 7 dari 10
]]></system-out>
  </testcase>
  <testcase name="testRandomRepeatInfo(Random, RepetitionInfo, TestInfo)[8]" classname="programmer.zaman.now.test.RandomCalculatorTest" time="0.002">
    <system-out><![CDATA[Befor Each
Tes Random Calculator ke 8 dari 10
]]></system-out>
  </testcase>
  <testcase name="testRandomRepeatInfo(Random, RepetitionInfo, TestInfo)[9]" classname="programmer.zaman.now.test.RandomCalculatorTest" time="0.001">
    <system-out><![CDATA[Befor Each
Tes Random Calculator ke 9 dari 10
]]></system-out>
  </testcase>
  <testcase name="testRandomRepeatInfo(Random, RepetitionInfo, TestInfo)[10]" classname="programmer.zaman.now.test.RandomCalculatorTest" time="0.002">
    <system-out><![CDATA[Befor Each
Tes Random Calculator ke 10 dari 10
]]></system-out>
  </testcase>
  <testcase name="testWithMethodSource(Integer)[1]" classname="programmer.zaman.now.test.RandomCalculatorTest" time="0.009">
    <system-out><![CDATA[Befor Each
]]></system-out>
  </testcase>
  <testcase name="testWithMethodSource(Integer)[2]" classname="programmer.zaman.now.test.RandomCalculatorTest" time="0.001">
    <system-out><![CDATA[Befor Each
]]></system-out>
  </testcase>
  <testcase name="testWithMethodSource(Integer)[3]" classname="programmer.zaman.now.test.RandomCalculatorTest" time="0.002">
    <system-out><![CDATA[Befor Each
]]></system-out>
  </testcase>
  <testcase name="testWithMethodSource(Integer)[4]" classname="programmer.zaman.now.test.RandomCalculatorTest" time="0.003">
    <system-out><![CDATA[Befor Each
]]></system-out>
  </testcase>
  <testcase name="testWithMethodSource(Integer)[5]" classname="programmer.zaman.now.test.RandomCalculatorTest" time="0.001">
    <system-out><![CDATA[Befor Each
]]></system-out>
  </testcase>
  <testcase name="testWithMethodSource(Integer)[6]" classname="programmer.zaman.now.test.RandomCalculatorTest" time="0.001">
    <system-out><![CDATA[Befor Each
]]></system-out>
  </testcase>
  <testcase name="testWithMethodSource(Integer)[7]" classname="programmer.zaman.now.test.RandomCalculatorTest" time="0.002">
    <system-out><![CDATA[Befor Each
]]></system-out>
  </testcase>
  <testcase name="testWithMethodSource(Integer)[8]" classname="programmer.zaman.now.test.RandomCalculatorTest" time="0.001">
    <system-out><![CDATA[Befor Each
]]></system-out>
  </testcase>
  <testcase name="testWithMethodSource(Integer)[9]" classname="programmer.zaman.now.test.RandomCalculatorTest" time="0.004">
    <system-out><![CDATA[Befor Each
]]></system-out>
  </testcase>
  <testcase name="testWithMethodSource(Integer)[10]" classname="programmer.zaman.now.test.RandomCalculatorTest" time="0.002">
    <system-out><![CDATA[Befor Each
]]></system-out>
  </testcase>
  <testcase name="testWithParameter(int)[1]" classname="programmer.zaman.now.test.RandomCalculatorTest" time="0.005">
    <system-out><![CDATA[Befor Each
]]></system-out>
  </testcase>
  <testcase name="testWithParameter(int)[2]" classname="programmer.zaman.now.test.RandomCalculatorTest" time="0.002">
    <system-out><![CDATA[Befor Each
]]></system-out>
  </testcase>
  <testcase name="testWithParameter(int)[3]" classname="programmer.zaman.now.test.RandomCalculatorTest" time="0.002">
    <system-out><![CDATA[Befor Each
]]></system-out>
  </testcase>
  <testcase name="testWithParameter(int)[4]" classname="programmer.zaman.now.test.RandomCalculatorTest" time="0.001">
    <system-out><![CDATA[Befor Each
]]></system-out>
  </testcase>
  <testcase name="testWithParameter(int)[5]" classname="programmer.zaman.now.test.RandomCalculatorTest" time="0.002">
    <system-out><![CDATA[Befor Each
]]></system-out>
  </testcase>
  <testcase name="testWithParameter(int)[6]" classname="programmer.zaman.now.test.RandomCalculatorTest" time="0.002">
    <system-out><![CDATA[Befor Each
]]></system-out>
  </testcase>
  <testcase name="testWithParameter(int)[7]" classname="programmer.zaman.now.test.RandomCalculatorTest" time="0.002">
    <system-out><![CDATA[Befor Each
]]></system-out>
  </testcase>
  <testcase name="testWithParameter(int)[8]" classname="programmer.zaman.now.test.RandomCalculatorTest" time="0.003">
    <system-out><![CDATA[Befor Each
]]></system-out>
  </testcase>
  <testcase name="testRandomRepeat(Random)[1]" classname="programmer.zaman.now.test.RandomCalculatorTest" time="0.003">
    <system-out><![CDATA[Befor Each
]]></system-out>
  </testcase>
  <testcase name="testRandomRepeat(Random)[2]" classname="programmer.zaman.now.test.RandomCalculatorTest" time="0.002">
    <system-out><![CDATA[Befor Each
]]></system-out>
  </testcase>
  <testcase name="testRandomRepeat(Random)[3]" classname="programmer.zaman.now.test.RandomCalculatorTest" time="0.002">
    <system-out><![CDATA[Befor Each
]]></system-out>
  </testcase>
  <testcase name="testRandomRepeat(Random)[4]" classname="programmer.zaman.now.test.RandomCalculatorTest" time="0.001">
    <system-out><![CDATA[Befor Each
]]></system-out>
  </testcase>
  <testcase name="testRandomRepeat(Random)[5]" classname="programmer.zaman.now.test.RandomCalculatorTest" time="0.002">
    <system-out><![CDATA[Befor Each
]]></system-out>
  </testcase>
  <testcase name="testRandomRepeat(Random)[6]" classname="programmer.zaman.now.test.RandomCalculatorTest" time="0.001">
    <system-out><![CDATA[Befor Each
]]></system-out>
  </testcase>
  <testcase name="testRandomRepeat(Random)[7]" classname="programmer.zaman.now.test.RandomCalculatorTest" time="0.003">
    <system-out><![CDATA[Befor Each
]]></system-out>
  </testcase>
  <testcase name="testRandomRepeat(Random)[8]" classname="programmer.zaman.now.test.RandomCalculatorTest" time="0.001">
    <system-out><![CDATA[Befor Each
]]></system-out>
  </testcase>
  <testcase name="testRandomRepeat(Random)[9]" classname="programmer.zaman.now.test.RandomCalculatorTest" time="0.002">
    <system-out><![CDATA[Befor Each
]]></system-out>
  </testcase>
  <testcase name="testRandomRepeat(Random)[10]" classname="programmer.zaman.now.test.RandomCalculatorTest" time="0.002">
    <system-out><![CDATA[Befor Each
]]></system-out>
  </testcase>
  <testcase name="testRandom(Random)" classname="programmer.zaman.now.test.RandomCalculatorTest" time="0.003">
    <system-out><![CDATA[Befor Each
]]></system-out>
  </testcase>
</testsuite>